<?xml version="1.0" encoding="UTF-8"?>
<!-- Generated by org.testng.reporters.JUnitXMLReporter -->
<testsuite ignored="1" hostname="Kavya" failures="0" tests="1" name="Test" time="16.372" errors="0" timestamp="2021-12-27T15:14:36 IST">
  <testcase classname="com.crm.autodesk.orgtest.CreateOrganizationTest" name="orgDemoTest" time="0.012"/>
  <testcase classname="com.crm.autodesk.orgtest.CreateOrganizationTest" name="createOrganizationTest" time="0.0">
    <ignored/>
  </testcase> <!-- createOrganizationTest -->
</testsuite> <!-- Test -->
